Build started 2015-12-22 15:37:05.
     1>Project "F:\Dokumenty\Studia\Magisterka\Projekt indywidualny\Projekt\FiniteStateEntropy\Visual\VC2012\FSE\FSE.vcxproj" on node 2 (Build target(s)).
     1>ClCompile:
         C:\Program Files (x86)\Microsoft Visual Studio 12.0\VC\bin\CL.exe /c /ZI /nologo /W4 /WX /Od /Oy- /D CODE_ANALYSIS /D WIN32 /D _DEBUG /D _CONSOLE /D _UNICODE /D UNICODE /Gm /EHsc /RTC1 /MDd /GS /fp:precise /Zc:wchar_t /Zc:forScope /Fo"FSE Debug decode\\" /Fd"FSE Debug decode\vc120.pdb" /Gd /TC /analyze /analyze:plugin"C:\Program Files (x86)\Microsoft Visual Studio 12.0\VC\\bin\localespc.dll" /errorReport:prompt /analyze:stacksize18000   /analyze:quiet ..\..\..\lib\fse.c ..\..\..\lib\fseU16.c ..\..\..\lib\huff0.c ..\..\..\programs\bench.c ..\..\..\programs\commandline.c ..\..\..\programs\fileio.c ..\..\..\programs\xxhash.c ..\..\..\programs\zlibh.c
         zlibh.c
         xxhash.c
         fileio.c
         commandline.c
         bench.c
         huff0.c
         fseU16.c
         fse.c
         Running Code Analysis for C/C++...
         Generating Code...
       Link:
         C:\Program Files (x86)\Microsoft Visual Studio 12.0\VC\bin\link.exe /ERRORREPORT:PROMPT /OUT:"F:\Dokumenty\Studia\Magisterka\Projekt indywidualny\Projekt\FiniteStateEntropy\Visual\VC2012\FSE Debug decode\FSE.exe" /INCREMENTAL /NOLOGO kernel32.lib user32.lib gdi32.lib winspool.lib comdlg32.lib advapi32.lib shell32.lib ole32.lib oleaut32.lib uuid.lib odbc32.lib odbccp32.lib /MANIFEST /MANIFESTUAC:"level='asInvoker' uiAccess='false'" /manifest:embed /DEBUG /PDB:"F:\Dokumenty\Studia\Magisterka\Projekt indywidualny\Projekt\FiniteStateEntropy\Visual\VC2012\FSE Debug decode\FSE.pdb" /SUBSYSTEM:CONSOLE /TLBID:1 /DYNAMICBASE /NXCOMPAT /IMPLIB:"F:\Dokumenty\Studia\Magisterka\Projekt indywidualny\Projekt\FiniteStateEntropy\Visual\VC2012\FSE Debug decode\FSE.lib" /MACHINE:X86 "FSE Debug decode\fse.obj"
         "FSE Debug decode\fseU16.obj"
         "FSE Debug decode\huff0.obj"
         "FSE Debug decode\bench.obj"
         "FSE Debug decode\commandline.obj"
         "FSE Debug decode\fileio.obj"
         "FSE Debug decode\xxhash.obj"
         "FSE Debug decode\zlibh.obj"
         FSE.vcxproj -> F:\Dokumenty\Studia\Magisterka\Projekt indywidualny\Projekt\FiniteStateEntropy\Visual\VC2012\FSE Debug decode\FSE.exe
     1>f:\dokumenty\studia\magisterka\projekt indywidualny\projekt\finitestateentropy\lib\fse.c(312): warning C6001: Using uninitialized memory 'tableSymbol'.
     1>f:\dokumenty\studia\magisterka\projekt indywidualny\projekt\finitestateentropy\lib\fse.c(184): warning C6236: (<expression> || <non-zero constant>) is always a non-zero constant.
     1>f:\dokumenty\studia\magisterka\projekt indywidualny\projekt\finitestateentropy\lib\bitstream.h(155): warning C6001: Using uninitialized memory 'r'.
     1>f:\dokumenty\studia\magisterka\projekt indywidualny\projekt\finitestateentropy\lib\huff0.c(1519): warning C6262: Function uses '24604' bytes of stack:  exceeds /analyze:stacksize '18000'.  Consider moving some data to heap.
     1>f:\dokumenty\studia\magisterka\projekt indywidualny\projekt\finitestateentropy\lib\huff0.c(1631): warning C6262: Function uses '24604' bytes of stack:  exceeds /analyze:stacksize '18000'.  Consider moving some data to heap.
     1>Done Building Project "F:\Dokumenty\Studia\Magisterka\Projekt indywidualny\Projekt\FiniteStateEntropy\Visual\VC2012\FSE\FSE.vcxproj" (Build target(s)).

Build succeeded.

Time Elapsed 00:00:06.86
