f:\dokumenty\studia\magisterka\projekt indywidualny\projekt\finitestateentropy\visual\vc2012\fse\fse debug encode\vc120.pdb
f:\dokumenty\studia\magisterka\projekt indywidualny\projekt\finitestateentropy\visual\vc2012\fse\fse debug encode\vc120.idb
f:\dokumenty\studia\magisterka\projekt indywidualny\projekt\finitestateentropy\visual\vc2012\fse\fse debug encode\fse.nativecodeanalysis.xml
f:\dokumenty\studia\magisterka\projekt indywidualny\projekt\finitestateentropy\visual\vc2012\fse\fse debug encode\fseu16.nativecodeanalysis.xml
f:\dokumenty\studia\magisterka\projekt indywidualny\projekt\finitestateentropy\visual\vc2012\fse\fse debug encode\huff0.nativecodeanalysis.xml
f:\dokumenty\studia\magisterka\projekt indywidualny\projekt\finitestateentropy\visual\vc2012\fse\fse debug encode\bench.nativecodeanalysis.xml
f:\dokumenty\studia\magisterka\projekt indywidualny\projekt\finitestateentropy\visual\vc2012\fse\fse debug encode\commandline.nativecodeanalysis.xml
f:\dokumenty\studia\magisterka\projekt indywidualny\projekt\finitestateentropy\visual\vc2012\fse\fse debug encode\fileio.nativecodeanalysis.xml
f:\dokumenty\studia\magisterka\projekt indywidualny\projekt\finitestateentropy\visual\vc2012\fse\fse debug encode\xxhash.nativecodeanalysis.xml
f:\dokumenty\studia\magisterka\projekt indywidualny\projekt\finitestateentropy\visual\vc2012\fse\fse debug encode\zlibh.nativecodeanalysis.xml
f:\dokumenty\studia\magisterka\projekt indywidualny\projekt\finitestateentropy\visual\vc2012\fse\fse debug encode\zlibh.obj
f:\dokumenty\studia\magisterka\projekt indywidualny\projekt\finitestateentropy\visual\vc2012\fse\fse debug encode\xxhash.obj
f:\dokumenty\studia\magisterka\projekt indywidualny\projekt\finitestateentropy\visual\vc2012\fse\fse debug encode\fileio.obj
f:\dokumenty\studia\magisterka\projekt indywidualny\projekt\finitestateentropy\visual\vc2012\fse\fse debug encode\commandline.obj
f:\dokumenty\studia\magisterka\projekt indywidualny\projekt\finitestateentropy\visual\vc2012\fse\fse debug encode\bench.obj
f:\dokumenty\studia\magisterka\projekt indywidualny\projekt\finitestateentropy\visual\vc2012\fse\fse debug encode\huff0.obj
f:\dokumenty\studia\magisterka\projekt indywidualny\projekt\finitestateentropy\visual\vc2012\fse\fse debug encode\fseu16.obj
f:\dokumenty\studia\magisterka\projekt indywidualny\projekt\finitestateentropy\visual\vc2012\fse\fse debug encode\fse.obj
f:\dokumenty\studia\magisterka\projekt indywidualny\projekt\finitestateentropy\visual\vc2012\fse debug encode\fse.ilk
f:\dokumenty\studia\magisterka\projekt indywidualny\projekt\finitestateentropy\visual\vc2012\fse debug encode\fse.exe
f:\dokumenty\studia\magisterka\projekt indywidualny\projekt\finitestateentropy\visual\vc2012\fse debug encode\fse.pdb
f:\dokumenty\studia\magisterka\projekt indywidualny\projekt\finitestateentropy\visual\vc2012\fse\fse debug encode\nativecodeanalysis.read.1.tlog
f:\dokumenty\studia\magisterka\projekt indywidualny\projekt\finitestateentropy\visual\vc2012\fse\fse debug encode\vc.nativecodeanalysis.all.xml
f:\dokumenty\studia\magisterka\projekt indywidualny\projekt\finitestateentropy\visual\vc2012\fse debug encode\fse.exe.lastcodeanalysissucceeded
f:\dokumenty\studia\magisterka\projekt indywidualny\projekt\finitestateentropy\visual\vc2012\fse\fse debug encode\fse.tlog\cl.command.1.tlog
f:\dokumenty\studia\magisterka\projekt indywidualny\projekt\finitestateentropy\visual\vc2012\fse\fse debug encode\fse.tlog\cl.read.1.tlog
f:\dokumenty\studia\magisterka\projekt indywidualny\projekt\finitestateentropy\visual\vc2012\fse\fse debug encode\fse.tlog\cl.write.1.tlog
f:\dokumenty\studia\magisterka\projekt indywidualny\projekt\finitestateentropy\visual\vc2012\fse\fse debug encode\fse.tlog\link.command.1.tlog
f:\dokumenty\studia\magisterka\projekt indywidualny\projekt\finitestateentropy\visual\vc2012\fse\fse debug encode\fse.tlog\link.read.1.tlog
f:\dokumenty\studia\magisterka\projekt indywidualny\projekt\finitestateentropy\visual\vc2012\fse\fse debug encode\fse.tlog\link.write.1.tlog
